\BOOKMARK [1][-]{section.1}{The Nature of Statistics}{}% 1
\BOOKMARK [2][-]{subsection.1.1}{Descriptive Statistics}{section.1}% 2
\BOOKMARK [2][-]{subsection.1.2}{Inferential Statistics}{section.1}% 3
\BOOKMARK [2][-]{subsection.1.3}{Classifying Statistical Studies}{section.1}% 4
\BOOKMARK [2][-]{subsection.1.4}{Classifying Statistical Studies}{section.1}% 5
\BOOKMARK [2][-]{subsection.1.5}{Simple Random Samples}{section.1}% 6
\BOOKMARK [2][-]{subsection.1.6}{Random-Number Tables}{section.1}% 7
\BOOKMARK [2][-]{subsection.1.7}{Systematic Random Sampling}{section.1}% 8
\BOOKMARK [2][-]{subsection.1.8}{}{section.1}% 9
\BOOKMARK [2][-]{subsection.1.9}{}{section.1}% 10
\BOOKMARK [2][-]{subsection.1.10}{}{section.1}% 11
\BOOKMARK [2][-]{subsection.1.11}{}{section.1}% 12
\BOOKMARK [2][-]{subsection.1.12}{}{section.1}% 13
\BOOKMARK [2][-]{subsection.1.13}{}{section.1}% 14
\BOOKMARK [1][-]{section.2}{Organizing Data}{}% 15
\BOOKMARK [2][-]{subsection.2.1}{Variables and Data}{section.2}% 16
\BOOKMARK [2][-]{subsection.2.2}{Variables and Data}{section.2}% 17
\BOOKMARK [2][-]{subsection.2.3}{Variables and Data}{section.2}% 18
\BOOKMARK [2][-]{subsection.2.4}{Variables and Data}{section.2}% 19
\BOOKMARK [2][-]{subsection.2.5}{Grouping Quantitative Data}{section.2}% 20
\BOOKMARK [2][-]{subsection.2.6}{}{section.2}% 21
\BOOKMARK [2][-]{subsection.2.7}{}{section.2}% 22
\BOOKMARK [2][-]{subsection.2.8}{}{section.2}% 23
\BOOKMARK [2][-]{subsection.2.9}{}{section.2}% 24
\BOOKMARK [2][-]{subsection.2.10}{}{section.2}% 25
\BOOKMARK [2][-]{subsection.2.11}{}{section.2}% 26
\BOOKMARK [2][-]{subsection.2.12}{}{section.2}% 27
\BOOKMARK [2][-]{subsection.2.13}{}{section.2}% 28
\BOOKMARK [2][-]{subsection.2.14}{}{section.2}% 29
\BOOKMARK [2][-]{subsection.2.15}{}{section.2}% 30
\BOOKMARK [2][-]{subsection.2.16}{}{section.2}% 31
\BOOKMARK [2][-]{subsection.2.17}{}{section.2}% 32
\BOOKMARK [2][-]{subsection.2.18}{}{section.2}% 33
\BOOKMARK [1][-]{section.3}{Descriptive Measures}{}% 34
\BOOKMARK [1][-]{section.4}{Probability Concepts}{}% 35
\BOOKMARK [1][-]{section.5}{Discrete Random Variables}{}% 36
\BOOKMARK [1][-]{section.6}{The Normal Distribution}{}% 37
\BOOKMARK [2][-]{subsection.6.1}{Example 6.1,}{section.6}% 38
\BOOKMARK [2][-]{subsection.6.2}{Example 6.2,}{section.6}% 39
\BOOKMARK [2][-]{subsection.6.3}{Example 6.3,}{section.6}% 40
\BOOKMARK [2][-]{subsection.6.4}{Example 6.4,}{section.6}% 41
\BOOKMARK [2][-]{subsection.6.5}{Example 6.5,}{section.6}% 42
\BOOKMARK [2][-]{subsection.6.6}{Example 6.6,}{section.6}% 43
\BOOKMARK [2][-]{subsection.6.7}{Example 6.7,}{section.6}% 44
\BOOKMARK [2][-]{subsection.6.8}{Example 6.8,}{section.6}% 45
\BOOKMARK [2][-]{subsection.6.9}{Example 6.9,}{section.6}% 46
\BOOKMARK [2][-]{subsection.6.10}{Example 6.10,}{section.6}% 47
\BOOKMARK [2][-]{subsection.6.11}{Example 6.11,}{section.6}% 48
\BOOKMARK [2][-]{subsection.6.12}{Example 6.12,}{section.6}% 49
\BOOKMARK [2][-]{subsection.6.13}{Example 6.13, Using Technology to Obtain Normal Percentiles}{section.6}% 50
\BOOKMARK [2][-]{subsection.6.14}{Example 6.14, Normal Probability Plots}{section.6}% 51
\BOOKMARK [1][-]{section.7}{The Sampling Distribution of the Sample Mean}{}% 52
\BOOKMARK [1][-]{section.8}{Confidence Intervals for One Population Mean}{}% 53
\BOOKMARK [2][-]{subsection.8.1}{Example 8.1, Estimating a Population Mean}{section.8}% 54
\BOOKMARK [2][-]{subsection.8.2}{Example 8.2, Introducing Confidence Intervals}{section.8}% 55
\BOOKMARK [2][-]{subsection.8.3}{Example 8.3, Interpreting Confidence Intervals}{section.8}% 56
\BOOKMARK [2][-]{subsection.8.4}{Example 8.4, The One-Sample z-Interval Procedure}{section.8}% 57
\BOOKMARK [2][-]{subsection.8.5}{Example 8.5, Using Technology to Obtain a z-Interval}{section.8}% 58
\BOOKMARK [2][-]{subsection.8.6}{Example 8.6, Introducing the Margin of Error}{section.8}% 59
\BOOKMARK [2][-]{subsection.8.7}{Example 8.7, Sample Size for Estimating }{section.8}% 60
\BOOKMARK [2][-]{subsection.8.8}{Example 8.8, Finding the t-Value Having a Specified Area to the Right}{section.8}% 61
\BOOKMARK [2][-]{subsection.8.9}{Example 8.9, The One-Sample t-Interval Procedure}{section.8}% 62
\BOOKMARK [2][-]{subsection.8.10}{Example 8.10, The One-Sample t-Interval Procedure}{section.8}% 63
\BOOKMARK [2][-]{subsection.8.11}{Example 8.11, Choosing a Confidence Interval Procedure}{section.8}% 64
\BOOKMARK [1][-]{section.9}{Hypothesis Tests for One Population Mean}{}% 65
\BOOKMARK [2][-]{subsection.9.1}{Example 9.1, Choosing the Null and Alternative Hypotheses}{section.9}% 66
\BOOKMARK [2][-]{subsection.9.2}{Example 9.2, Choosing the Null and Alternative Hypotheses}{section.9}% 67
\BOOKMARK [2][-]{subsection.9.3}{Example 9.3, Choosing the Null and Alternative Hypotheses}{section.9}% 68
\BOOKMARK [2][-]{subsection.9.4}{Example 9.4, The Logic of Hypothesis Testing}{section.9}% 69
\BOOKMARK [2][-]{subsection.9.5}{Example 9.5, Type I and Type II Errors}{section.9}% 70
\BOOKMARK [2][-]{subsection.9.6}{Example 9.6, Obtaining the Critical Values}{section.9}% 71
\BOOKMARK [2][-]{subsection.9.7}{Example 9.7, The One-Sample z-Test}{section.9}% 72
\BOOKMARK [2][-]{subsection.9.8}{Example 9.8, The One-Sample z-Test}{section.9}% 73
\BOOKMARK [2][-]{subsection.9.9}{Example 9.9, The One-Sample z-Test}{section.9}% 74
\BOOKMARK [2][-]{subsection.9.10}{Example 9.10, }{section.9}% 75
\BOOKMARK [2][-]{subsection.9.11}{Example 9.11, }{section.9}% 76
\BOOKMARK [2][-]{subsection.9.12}{Example 9.12, }{section.9}% 77
\BOOKMARK [2][-]{subsection.9.13}{Example 9.13, }{section.9}% 78
\BOOKMARK [2][-]{subsection.9.14}{Example 9.14, }{section.9}% 79
\BOOKMARK [2][-]{subsection.9.15}{Example 9.15, }{section.9}% 80
\BOOKMARK [2][-]{subsection.9.16}{Example 9.16, }{section.9}% 81
\BOOKMARK [2][-]{subsection.9.17}{Example 9.17, }{section.9}% 82
\BOOKMARK [2][-]{subsection.9.18}{Example 9.18, }{section.9}% 83
\BOOKMARK [2][-]{subsection.9.19}{Example 9.19, }{section.9}% 84
\BOOKMARK [2][-]{subsection.9.20}{Example 9.20, }{section.9}% 85
\BOOKMARK [2][-]{subsection.9.21}{Example 9.21, }{section.9}% 86
\BOOKMARK [1][-]{section.10}{Inferences for Two Population Means}{}% 87
\BOOKMARK [1][-]{section.11}{Inferences for Population Standard Deviations}{}% 88
\BOOKMARK [1][-]{section.12}{Inferences for Population Proportions}{}% 89
\BOOKMARK [1][-]{section.13}{Chi-Square Procedures}{}% 90
\BOOKMARK [1][-]{section.14}{Descriptive Methods in Regression and Correlation}{}% 91
\BOOKMARK [2][-]{subsection.14.1}{Linear Equations}{section.14}% 92
\BOOKMARK [2][-]{subsection.14.2}{y-Intercept and Slope}{section.14}% 93
\BOOKMARK [2][-]{subsection.14.3}{Introducing the Least Squares Criterion}{section.14}% 94
\BOOKMARK [2][-]{subsection.14.4}{The Regression Equation}{section.14}% 95
\BOOKMARK [2][-]{subsection.14.5}{Using Technology to Obtain a Scatter Diagram}{section.14}% 96
\BOOKMARK [2][-]{subsection.14.6}{Using Technology to Obtain a Regression Line}{section.14}% 97
\BOOKMARK [2][-]{subsection.14.7}{Introduces the Coefficient of Determination}{section.14}% 98
\BOOKMARK [2][-]{subsection.14.8}{Computing Formulas for the Sum of Squares}{section.14}% 99
\BOOKMARK [2][-]{subsection.14.9}{Using Technology to Obtain a Coefficient of Determination}{section.14}% 100
\BOOKMARK [2][-]{subsection.14.10}{}{section.14}% 101
\BOOKMARK [2][-]{subsection.14.11}{}{section.14}% 102
\BOOKMARK [1][-]{section.15}{Inferential Methods in Regression and Correlation}{}% 103
\BOOKMARK [1][-]{section.16}{Analysis of Variance \(ANOVA\)}{}% 104
