This is pdfTeX, Version 3.1415926-2.3-1.40.12 (MiKTeX 2.9) (preloaded format=pdflatex 2013.1.4)  29 OCT 2014 14:46
entering extended mode
**worked-examples.tex
(C:\Users\carter\Weiss-Intro-Stat\worked-examples\worked-examples.tex
LaTeX2e <2011/06/27>
Babel <v3.8m> and hyphenation patterns for english, afrikaans, ancientgreek, ar
abic, armenian, assamese, basque, bengali, bokmal, bulgarian, catalan, coptic, 
croatian, czech, danish, dutch, esperanto, estonian, farsi, finnish, french, ga
lician, german, german-x-2009-06-19, greek, gujarati, hindi, hungarian, iceland
ic, indonesian, interlingua, irish, italian, kannada, kurmanji, lao, latin, lat
vian, lithuanian, malayalam, marathi, mongolian, mongolianlmc, monogreek, ngerm
an, ngerman-x-2009-06-19, nynorsk, oriya, panjabi, pinyin, polish, portuguese, 
romanian, russian, sanskrit, serbian, slovak, slovenian, spanish, swedish, swis
sgerman, tamil, telugu, turkish, turkmen, ukenglish, ukrainian, uppersorbian, u
senglishmax, welsh, loaded.
("C:\Program Files (x86)\MiKTeX 2.9\tex\latex\base\article.cls"
Document Class: article 2007/10/19 v1.4h Standard LaTeX document class
("C:\Program Files (x86)\MiKTeX 2.9\tex\latex\base\size10.clo"
File: size10.clo 2007/10/19 v1.4h Standard LaTeX file (size option)
)
\c@part=\count79
\c@section=\count80
\c@subsection=\count81
\c@subsubsection=\count82
\c@paragraph=\count83
\c@subparagraph=\count84
\c@figure=\count85
\c@table=\count86
\abovecaptionskip=\skip41
\belowcaptionskip=\skip42
\bibindent=\dimen102
)
("C:\Program Files (x86)\MiKTeX 2.9\tex\latex\graphics\graphicx.sty"
Package: graphicx 1999/02/16 v1.0f Enhanced LaTeX Graphics (DPC,SPQR)

("C:\Program Files (x86)\MiKTeX 2.9\tex\latex\graphics\keyval.sty"
Package: keyval 1999/03/16 v1.13 key=value parser (DPC)
\KV@toks@=\toks14
)
("C:\Program Files (x86)\MiKTeX 2.9\tex\latex\graphics\graphics.sty"
Package: graphics 2009/02/05 v1.0o Standard LaTeX Graphics (DPC,SPQR)

("C:\Program Files (x86)\MiKTeX 2.9\tex\latex\graphics\trig.sty"
Package: trig 1999/03/16 v1.09 sin cos tan (DPC)
)
("C:\Program Files (x86)\MiKTeX 2.9\tex\latex\00miktex\graphics.cfg"
File: graphics.cfg 2007/01/18 v1.5 graphics configuration of teTeX/TeXLive
)
Package graphics Info: Driver file: pdftex.def on input line 91.

("C:\Program Files (x86)\MiKTeX 2.9\tex\latex\pdftex-def\pdftex.def"
File: pdftex.def 2011/05/27 v0.06d Graphics/color for pdfTeX

("C:\Program Files (x86)\MiKTeX 2.9\tex\generic\oberdiek\infwarerr.sty"
Package: infwarerr 2010/04/08 v1.3 Providing info/warning/error messages (HO)
)
("C:\Program Files (x86)\MiKTeX 2.9\tex\generic\oberdiek\ltxcmds.sty"
Package: ltxcmds 2011/11/09 v1.22 LaTeX kernel commands for general use (HO)
)
\Gread@gobject=\count87
))
\Gin@req@height=\dimen103
\Gin@req@width=\dimen104
)
("C:\Program Files (x86)\MiKTeX 2.9\tex\latex\graphics\color.sty"
Package: color 2005/11/14 v1.0j Standard LaTeX Color (DPC)

("C:\Program Files (x86)\MiKTeX 2.9\tex\latex\00miktex\color.cfg"
File: color.cfg 2007/01/18 v1.5 color configuration of teTeX/TeXLive
)
Package color Info: Driver file: pdftex.def on input line 130.
)
("C:\Program Files (x86)\MiKTeX 2.9\tex\latex\framed\framed.sty"
Package: framed 2011/10/22 v 0.96: framed or shaded text with page breaks
\OuterFrameSep=\skip43
\fb@frw=\dimen105
\fb@frh=\dimen106
\FrameRule=\dimen107
\FrameSep=\dimen108
)
("C:\Program Files (x86)\MiKTeX 2.9\tex\latex\base\alltt.sty"
Package: alltt 1997/06/16 v2.0g defines alltt environment
)
("C:\Program Files (x86)\MiKTeX 2.9\tex\latex\textgreek\textgreek.sty"
Package: textgreek 2011/10/09 v0.7 Greek symbols in text
Package textgreek Info: Loading the definitions for the Greek fontencoding. on 
input line 39.

("C:\Program Files (x86)\MiKTeX 2.9\tex\generic\babel\lgrenc.def"
File: lgrenc.def 2008/06/17 v2.3 Greek Encoding
)
Package textgreek Info: Loaded fontmap: {eur/*/*}{U/eur/*/*} {phv/*/*}{U/psy/*/
*}. on input line 69.
)
("C:\Program Files (x86)\MiKTeX 2.9\tex\latex\hyperref\hyperref.sty"
Package: hyperref 2012/05/13 v6.82q Hypertext links for LaTeX

("C:\Program Files (x86)\MiKTeX 2.9\tex\generic\oberdiek\hobsub-hyperref.sty"
Package: hobsub-hyperref 2012/04/25 v1.12 Bundle oberdiek, subset hyperref (HO)


("C:\Program Files (x86)\MiKTeX 2.9\tex\generic\oberdiek\hobsub-generic.sty"
Package: hobsub-generic 2012/04/25 v1.12 Bundle oberdiek, subset generic (HO)
Package: hobsub 2012/04/25 v1.12 Construct package bundles (HO)
Package hobsub Info: Skipping package `infwarerr' (already loaded).
Package hobsub Info: Skipping package `ltxcmds' (already loaded).
Package: ifluatex 2010/03/01 v1.3 Provides the ifluatex switch (HO)
Package ifluatex Info: LuaTeX not detected.
Package: ifvtex 2010/03/01 v1.5 Detect VTeX and its facilities (HO)
Package ifvtex Info: VTeX not detected.
Package: intcalc 2007/09/27 v1.1 Expandable calculations with integers (HO)
Package: ifpdf 2011/01/30 v2.3 Provides the ifpdf switch (HO)
Package ifpdf Info: pdfTeX in PDF mode is detected.
Package: etexcmds 2011/02/16 v1.5 Avoid name clashes with e-TeX commands (HO)
Package etexcmds Info: Could not find \expanded.
(etexcmds)             That can mean that you are not using pdfTeX 1.50 or
(etexcmds)             that some package has redefined \expanded.
(etexcmds)             In the latter case, load this package earlier.
Package: kvsetkeys 2012/04/25 v1.16 Key value parser (HO)
Package: kvdefinekeys 2011/04/07 v1.3 Define keys (HO)
Package: pdftexcmds 2011/11/29 v0.20 Utility functions of pdfTeX for LuaTeX (HO
)
Package pdftexcmds Info: LuaTeX not detected.
Package pdftexcmds Info: \pdf@primitive is available.
Package pdftexcmds Info: \pdf@ifprimitive is available.
Package pdftexcmds Info: \pdfdraftmode found.
Package: pdfescape 2011/11/25 v1.13 Implements pdfTeX's escape features (HO)
Package: bigintcalc 2012/04/08 v1.3 Expandable calculations on big integers (HO
)
Package: bitset 2011/01/30 v1.1 Handle bit-vector datatype (HO)
Package: uniquecounter 2011/01/30 v1.2 Provide unlimited unique counter (HO)
)
Package hobsub Info: Skipping package `hobsub' (already loaded).
Package: letltxmacro 2010/09/02 v1.4 Let assignment for LaTeX macros (HO)
Package: hopatch 2011/06/24 v1.1 Wrapper for package hooks (HO)
Package: xcolor-patch 2011/01/30 xcolor patch
Package: atveryend 2011/06/30 v1.8 Hooks at the very end of document (HO)
Package atveryend Info: \enddocument detected (standard20110627).
Package: atbegshi 2011/10/05 v1.16 At begin shipout hook (HO)
Package: refcount 2011/10/16 v3.4 Data extraction from label references (HO)
Package: hycolor 2011/01/30 v1.7 Color options for hyperref/bookmark (HO)
)
("C:\Program Files (x86)\MiKTeX 2.9\tex\generic\ifxetex\ifxetex.sty"
Package: ifxetex 2010/09/12 v0.6 Provides ifxetex conditional
)
("C:\Program Files (x86)\MiKTeX 2.9\tex\latex\oberdiek\kvoptions.sty"
Package: kvoptions 2011/06/30 v3.11 Key value format for package options (HO)
)
\@linkdim=\dimen109
\Hy@linkcounter=\count88
\Hy@pagecounter=\count89

("C:\Program Files (x86)\MiKTeX 2.9\tex\latex\hyperref\pd1enc.def"
File: pd1enc.def 2012/05/13 v6.82q Hyperref: PDFDocEncoding definition (HO)
)
\Hy@SavedSpaceFactor=\count90

("C:\Program Files (x86)\MiKTeX 2.9\tex\latex\00miktex\hyperref.cfg"
File: hyperref.cfg 2002/06/06 v1.2 hyperref configuration of TeXLive
)
Package hyperref Info: Hyper figures OFF on input line 4062.
Package hyperref Info: Link nesting OFF on input line 4067.
Package hyperref Info: Hyper index ON on input line 4070.
Package hyperref Info: Plain pages OFF on input line 4077.
Package hyperref Info: Backreferencing OFF on input line 4082.
Package hyperref Info: Implicit mode ON; LaTeX internals redefined.
Package hyperref Info: Bookmarks ON on input line 4300.
\c@Hy@tempcnt=\count91

("C:\Program Files (x86)\MiKTeX 2.9\tex\latex\ltxmisc\url.sty"
\Urlmuskip=\muskip10
Package: url 2006/04/12  ver 3.3  Verb mode for urls, etc.
)
LaTeX Info: Redefining \url on input line 4653.
\Fld@menulength=\count92
\Field@Width=\dimen110
\Fld@charsize=\dimen111
Package hyperref Info: Hyper figures OFF on input line 5773.
Package hyperref Info: Link nesting OFF on input line 5778.
Package hyperref Info: Hyper index ON on input line 5781.
Package hyperref Info: backreferencing OFF on input line 5788.
Package hyperref Info: Link coloring OFF on input line 5793.
Package hyperref Info: Link coloring with OCG OFF on input line 5798.
Package hyperref Info: PDF/A mode OFF on input line 5803.
LaTeX Info: Redefining \ref on input line 5843.
LaTeX Info: Redefining \pageref on input line 5847.
\Hy@abspage=\count93
\c@Item=\count94
\c@Hfootnote=\count95
)

Package hyperref Message: Driver (autodetected): hpdftex.

("C:\Program Files (x86)\MiKTeX 2.9\tex\latex\hyperref\hpdftex.def"
File: hpdftex.def 2012/05/13 v6.82q Hyperref driver for pdfTeX
\Fld@listcount=\count96
\c@bookmark@seq@number=\count97

("C:\Program Files (x86)\MiKTeX 2.9\tex\latex\oberdiek\rerunfilecheck.sty"
Package: rerunfilecheck 2011/04/15 v1.7 Rerun checks for auxiliary files (HO)
Package uniquecounter Info: New unique counter `rerunfilecheck' on input line 2
82.
)
\Hy@SectionHShift=\skip44
)
("C:\Program Files (x86)\MiKTeX 2.9\tex\latex\upquote\upquote.sty"
Package: upquote 2012/04/19 v1.3 upright-quote and grave-accent glyphs in verba
tim
)
(C:\Users\carter\Weiss-Intro-Stat\worked-examples\worked-examples.aux)
LaTeX Font Info:    Checking defaults for OML/cmm/m/it on input line 59.
LaTeX Font Info:    ... okay on input line 59.
LaTeX Font Info:    Checking defaults for T1/cmr/m/n on input line 59.
LaTeX Font Info:    ... okay on input line 59.
LaTeX Font Info:    Checking defaults for OT1/cmr/m/n on input line 59.
LaTeX Font Info:    ... okay on input line 59.
LaTeX Font Info:    Checking defaults for OMS/cmsy/m/n on input line 59.
LaTeX Font Info:    ... okay on input line 59.
LaTeX Font Info:    Checking defaults for OMX/cmex/m/n on input line 59.
LaTeX Font Info:    ... okay on input line 59.
LaTeX Font Info:    Checking defaults for U/cmr/m/n on input line 59.
LaTeX Font Info:    ... okay on input line 59.
LaTeX Font Info:    Checking defaults for LGR/cmr/m/n on input line 59.
LaTeX Font Info:    Try loading font information for LGR+cmr on input line 59.

("C:\Program Files (x86)\MiKTeX 2.9\tex\generic\babel\lgrcmr.fd"
File: lgrcmr.fd 2008/06/17 v2.3 Greek Computer Modern
)
LaTeX Font Info:    ... okay on input line 59.
LaTeX Font Info:    Checking defaults for PD1/pdf/m/n on input line 59.
LaTeX Font Info:    ... okay on input line 59.

("C:\Program Files (x86)\MiKTeX 2.9\tex\context\base\supp-pdf.mkii"
[Loading MPS to PDF converter (version 2006.09.02).]
\scratchcounter=\count98
\scratchdimen=\dimen112
\scratchbox=\box26
\nofMPsegments=\count99
\nofMParguments=\count100
\everyMPshowfont=\toks15
\MPscratchCnt=\count101
\MPscratchDim=\dimen113
\MPnumerator=\count102
\makeMPintoPDFobject=\count103
\everyMPtoPDFconversion=\toks16
)
\AtBeginShipoutBox=\box27
Package hyperref Info: Link coloring OFF on input line 59.
 ("C:\Program Files (x86)\MiKTeX 2.9\tex\latex\hyperref\nameref.sty"
Package: nameref 2010/04/30 v2.40 Cross-referencing by name of section

("C:\Program Files (x86)\MiKTeX 2.9\tex\generic\oberdiek\gettitlestring.sty"
Package: gettitlestring 2010/12/03 v1.4 Cleanup title references (HO)
)
\c@section@level=\count104
)
LaTeX Info: Redefining \ref on input line 59.
LaTeX Info: Redefining \pageref on input line 59.
LaTeX Info: Redefining \nameref on input line 59.

(C:\Users\carter\Weiss-Intro-Stat\worked-examples\worked-examples.out)
(C:\Users\carter\Weiss-Intro-Stat\worked-examples\worked-examples.out)
\@outlinefile=\write3
LaTeX Font Info:    External font `cmex10' loaded for size
(Font)              <12> on input line 61.
LaTeX Font Info:    External font `cmex10' loaded for size
(Font)              <8> on input line 61.
LaTeX Font Info:    External font `cmex10' loaded for size
(Font)              <6> on input line 61.
LaTeX Font Info:    External font `cmex10' loaded for size
(Font)              <5> on input line 61.

(C:\Users\carter\Weiss-Intro-Stat\worked-examples\worked-examples.toc
LaTeX Font Info:    External font `cmex10' loaded for size
(Font)              <7> on input line 2.
 [1

{C:/Users/carter/AppData/Local/MiKTeX/2.9/pdftex/config/pdftex.map}] [2])
\tf@toc=\write4
 [3]
Package color Info: Redefining color shadecolor on input line 84.
LaTeX Font Info:    Font shape `OT1/cmtt/bx/n' in size <9> not available
(Font)              Font shape `OT1/cmtt/m/n' tried instead on input line 87.
 [4]
Package color Info: Redefining color shadecolor on input line 124.

Overfull \hbox (21.57138pt too wide) in paragraph at lines 131--131
[]\OT1/cmtt/m/n/9 ##  [1] 418 204  25 556 649 355 149  80 479 245 129 462 325 2
59 383[] 
 []

Package color Info: Redefining color shadecolor on input line 139.

Overfull \hbox (40.47116pt too wide) in paragraph at lines 164--164
[]\OT1/cmtt/m/n/9 ##  [1]   8  56 104 152 200 248 296 344 392 440 488 536 584 6
32 680 728[] 
 []

[5]
Package color Info: Redefining color shadecolor on input line 205.

Overfull \hbox (45.1961pt too wide) in paragraph at lines 216--216
[][]\OT1/cmtt/m/n/9 w[] []<-[] []cut[][](invest[][]$[][]DAYS,[] []c[][]([][]30[
][],[] []40[][],[] []50[][],[] []60[][],[] []70[][],[] []80[][],[] []90[][],[] 
[]100[][]),[] []right[] []=[] []FALSE[][])[][] 
 []


Overfull \hbox (12.12149pt too wide) in paragraph at lines 224--224
[]\OT1/cmtt/m/n/9 ##  [30,40)  [40,50)  [50,60)  [60,70)  [70,80)  [80,90) [90,
100)[] 
 []


Overfull \hbox (12.12149pt too wide) in paragraph at lines 224--224
[]\OT1/cmtt/m/n/9 ##        3        1        8       10        7        7     
   4[] 
 []

[6]
Package color Info: Redefining color shadecolor on input line 315.
 [7] [8]
Overfull \vbox (82.77411pt too high) has occurred while \output is active []


[9]
Package color Info: Redefining color shadecolor on input line 330.

Overfull \hbox (12.12149pt too wide) in paragraph at lines 339--339
[]\OT1/cmtt/m/n/9 ##  $ AGI: num  9.7 93.1 33 21.2 81.4 51.1 43.5 10.6 12.8 7.8
 ...[] 
 []

<figure/ex06-14.png, id=580, 289.08pt x 289.08pt>
File: figure/ex06-14.png Graphic file (type png)
 <use figure/ex06-14.png>
Package pdftex.def Info: figure/ex06-14.png used on input line 344.
(pdftex.def)             Requested size: 289.07928pt x 289.09251pt.

Overfull \hbox (7.95425pt too wide) in paragraph at lines 344--345
[][] 
 []

Package color Info: Redefining color shadecolor on input line 357.
[10 <C:/Users/carter/Weiss-Intro-Stat/worked-examples/figure/ex06-14.png>]
Overfull \hbox (40.47116pt too wide) in paragraph at lines 366--366
[]\OT1/cmtt/m/n/9 ##  $ PRICE: num  53.8 54.4 45.2 42.9 49.9 48.2 41.6 58.9 48.
6 53.1 ...[] 
 []

<figure/ex08-01.png, id=586, 289.08pt x 216.81pt>
File: figure/ex08-01.png Graphic file (type png)
 <use figure/ex08-01.png>
Package pdftex.def Info: figure/ex08-01.png used on input line 371.
(pdftex.def)             Requested size: 289.07928pt x 216.81938pt.

Overfull \hbox (7.95425pt too wide) in paragraph at lines 371--372
[][] 
 []

LaTeX Font Info:    External font `cmex10' loaded for size
(Font)              <9> on input line 382.
Package color Info: Redefining color shadecolor on input line 386.
[11 <C:/Users/carter/Weiss-Intro-Stat/worked-examples/figure/ex08-01.png>]
Overfull \hbox (40.47116pt too wide) in paragraph at lines 395--395
[]\OT1/cmtt/m/n/9 ##  $ PRICE: num  53.8 54.4 45.2 42.9 49.9 48.2 41.6 58.9 48.
6 53.1 ...[] 
 []

<figure/ex08-02.png, id=594, 289.08pt x 216.81pt>
File: figure/ex08-02.png Graphic file (type png)
 <use figure/ex08-02.png>
Package pdftex.def Info: figure/ex08-02.png used on input line 400.
(pdftex.def)             Requested size: 289.07928pt x 216.81938pt.

Overfull \hbox (7.95425pt too wide) in paragraph at lines 400--401
[][] 
 []


Overfull \hbox (73.54578pt too wide) in paragraph at lines 413--413
[][]\OT1/cmtt/m/n/9 confidence.interval[] []<-[] []simple.z.test[][](prices[][]
$[][]PRICE, sigma,[] []conf.level[] []=[] []0.9544[][])[][] 
 []


Package hyperref Warning: Token not allowed in a PDF string (PDFDocEncoding):
(hyperref)                removing `math shift' on input line 427.


Package hyperref Warning: Token not allowed in a PDF string (PDFDocEncoding):
(hyperref)                removing `\mu' on input line 427.


Package hyperref Warning: Token not allowed in a PDF string (PDFDocEncoding):
(hyperref)                removing `math shift' on input line 427.

[12 <C:/Users/carter/Weiss-Intro-Stat/worked-examples/figure/ex08-02.png>]
Package color Info: Redefining color shadecolor on input line 445.

[13]
Overfull \hbox (68.82083pt too wide) in paragraph at lines 478--478
[][]\OT1/cmtt/m/n/9 conf.int[] []<-[] []simple.z.test[][](weights[][]$[][]WEIGH
T,[] []sigma[] []= sigma,[] []conf.level[] []=[] []0.9544[][])[][] 
 []

Package color Info: Redefining color shadecolor on input line 494.
[14]
Package color Info: Redefining color shadecolor on input line 532.
Package color Info: Redefining color shadecolor on input line 573.
 [15]
Package color Info: Redefining color shadecolor on input line 614.

Overfull \hbox (26.29633pt too wide) in paragraph at lines 623--623
[]\OT1/cmtt/m/n/9 ##  $ SPEEDS: num  57.3 57.5 59 56.5 61.3 57.6 59.2 65 60.1 5
9.7 ...[] 
 []


Overfull \hbox (271.99347pt too wide) in paragraph at lines 626--626
[][]\OT1/cmtt/m/n/9 hist[][](cheetah[][]$[][]SPEEDS,[] []breaks[] []=[] []15[][
],[] []xlab[] []=[] []"Cheetah Speeds"[][],[] []ylab[] []=[] []"Counts"[][],[] 
[]main[] []=[] []"Histogram of Cheetah Speeds Sample"[][])[][] 
 []

<figure/ex09-09.png, id=619, 289.08pt x 216.81pt>
File: figure/ex09-09.png Graphic file (type png)
 <use figure/ex09-09.png>
Package pdftex.def Info: figure/ex09-09.png used on input line 629.
(pdftex.def)             Requested size: 289.07928pt x 216.81938pt.

Overfull \hbox (7.95425pt too wide) in paragraph at lines 629--630
[][] 
 []

[16]
Overfull \hbox (9.6981pt too wide) in paragraph at lines 671--671
[]\OT1/cmr/bx/n/14.4 Inferences for Pop-u-la-tion Stan-dard De-
 []


Overfull \hbox (0.46313pt too wide) in paragraph at lines 673--673
[]\OT1/cmr/bx/n/14.4 Inferences for Pop-u-la-tion Pro-por-tions 
 []


Overfull \hbox (8.94318pt too wide) in paragraph at lines 677--677
[]\OT1/cmr/bx/n/14.4 Descriptive Meth-ods in Re-gres-sion and
 []

Package color Info: Redefining color shadecolor on input line 682.
[17 <C:/Users/carter/Weiss-Intro-Stat/worked-examples/figure/ex09-09.png>]
LaTeX Font Info:    Try loading font information for OMS+cmtt on input line 685
.
LaTeX Font Info:    No file OMScmtt.fd. on input line 685.


LaTeX Font Warning: Font shape `OMS/cmtt/m/n' undefined
(Font)              using `OMS/cmsy/m/n' instead
(Font)              for symbol `textbackslash' on input line 685.

[18] <figure/ex14-01.png, id=635, 289.08pt x 289.08pt>
File: figure/ex14-01.png Graphic file (type png)

<use figure/ex14-01.png>
Package pdftex.def Info: figure/ex14-01.png used on input line 701.
(pdftex.def)             Requested size: 289.07928pt x 289.09251pt.

Overfull \hbox (7.95425pt too wide) in paragraph at lines 701--702
[][] 
 []

Package color Info: Redefining color shadecolor on input line 708.
<figure/ex14-02.png, id=636, 289.08pt x 289.08pt>
File: figure/ex14-02.png Graphic file (type png)
 <use figure/ex14-02.png>
Package pdftex.def Info: figure/ex14-02.png used on input line 720.
(pdftex.def)             Requested size: 289.07928pt x 289.09251pt.

Overfull \hbox (7.95425pt too wide) in paragraph at lines 720--721
[][] 
 []

[19 <C:/Users/carter/Weiss-Intro-Stat/worked-examples/figure/ex14-01.png>]
Package color Info: Redefining color shadecolor on input line 728.

[20 <C:/Users/carter/Weiss-Intro-Stat/worked-examples/figure/ex14-02.png>]
<figure/ex14-03.png, id=648, 289.08pt x 289.08pt>
File: figure/ex14-03.png Graphic file (type png)
 <use figure/ex14-03.png>
Package pdftex.def Info: figure/ex14-03.png used on input line 760.
(pdftex.def)             Requested size: 289.07928pt x 289.09251pt.

Overfull \hbox (7.95425pt too wide) in paragraph at lines 760--761
[][] 
 []

Package color Info: Redefining color shadecolor on input line 768.
<figure/ex14-04.png, id=649, 289.08pt x 289.08pt>
File: figure/ex14-04.png Graphic file (type png)
 <use figure/ex14-04.png>
Package pdftex.def Info: figure/ex14-04.png used on input line 797.
(pdftex.def)             Requested size: 289.07928pt x 289.09251pt.

Overfull \hbox (7.95425pt too wide) in paragraph at lines 797--798
[][] 
 []

[21 <C:/Users/carter/Weiss-Intro-Stat/worked-examples/figure/ex14-03.png>]
Package color Info: Redefining color shadecolor on input line 829.

[22 <C:/Users/carter/Weiss-Intro-Stat/worked-examples/figure/ex14-04.png>]
<figure/ex14-05.png, id=660, 289.08pt x 289.08pt>
File: figure/ex14-05.png Graphic file (type png)
 <use figure/ex14-05.png>
Package pdftex.def Info: figure/ex14-05.png used on input line 844.
(pdftex.def)             Requested size: 289.07928pt x 289.09251pt.

Overfull \hbox (7.95425pt too wide) in paragraph at lines 844--845
[][] 
 []

Package color Info: Redefining color shadecolor on input line 852.
[23 <C:/Users/carter/Weiss-Intro-Stat/worked-examples/figure/ex14-05.png>]
<figure/ex14-06.png, id=666, 289.08pt x 289.08pt>
File: figure/ex14-06.png Graphic file (type png)
 <use figure/ex14-06.png>
Package pdftex.def Info: figure/ex14-06.png used on input line 881.
(pdftex.def)             Requested size: 289.07928pt x 289.09251pt.

Overfull \hbox (7.95425pt too wide) in paragraph at lines 881--882
[][] 
 []

Package color Info: Redefining color shadecolor on input line 889.

Overfull \hbox (35.74622pt too wide) in paragraph at lines 907--907
[]\OT1/cmtt/m/n/9 ##  [1]  -3.6364  14.3636 -18.6364  -6.6364   0.3636   9.3636
 -22.6364[] 
 []


Overfull \hbox (68.82083pt too wide) in paragraph at lines 915--915
[]\OT1/cmtt/m/n/9 ##  [1]   13.2231  206.3140  347.3140   44.0413    0.1322   8
7.6777  512.4050[] 
 []


Overfull \hbox (68.82083pt too wide) in paragraph at lines 954--954
[]\OT1/cmtt/m/n/9 ##    AGE PRICE y.sub.ybar y.sub.ybar.sqr   yhat yhat.sub.yba
r y.sub.yhat.sqr[] 
 []


Overfull \hbox (68.82083pt too wide) in paragraph at lines 954--954
[]\OT1/cmtt/m/n/9 ## 1    5    85    -3.6364        13.2231  94.16         5.52
6          83.95[] 
 []


Overfull \hbox (68.82083pt too wide) in paragraph at lines 954--954
[]\OT1/cmtt/m/n/9 ## 2    4   103    14.3636       206.3140 114.42        25.78
7         130.49[] 
 []


Overfull \hbox (68.82083pt too wide) in paragraph at lines 954--954
[]\OT1/cmtt/m/n/9 ## 3    6    70   -18.6364       347.3140  73.90       -14.73
5          15.22[] 
 []


Overfull \hbox (68.82083pt too wide) in paragraph at lines 954--954
[]\OT1/cmtt/m/n/9 ## 4    5    82    -6.6364        44.0413  94.16         5.52
6         147.92[] 
 []


Overfull \hbox (68.82083pt too wide) in paragraph at lines 954--954
[]\OT1/cmtt/m/n/9 ## 5    5    89     0.3636         0.1322  94.16         5.52
6          26.65[] 
 []


Overfull \hbox (68.82083pt too wide) in paragraph at lines 954--954
[]\OT1/cmtt/m/n/9 ## 6    5    98     9.3636        87.6777  94.16         5.52
6          14.73[] 
 []


Overfull \hbox (68.82083pt too wide) in paragraph at lines 954--954
[]\OT1/cmtt/m/n/9 ## 7    6    66   -22.6364       512.4050  73.90       -14.73
5          62.42[] 
 []


Overfull \hbox (68.82083pt too wide) in paragraph at lines 954--954
[]\OT1/cmtt/m/n/9 ## 8    6    95     6.3636        40.4959  73.90       -14.73
5         445.17[] 
 []


Overfull \hbox (68.82083pt too wide) in paragraph at lines 954--954
[]\OT1/cmtt/m/n/9 ## 9    2   169    80.3636      6458.3140 154.95        66.31
0         197.52[] 
 []


Overfull \hbox (68.82083pt too wide) in paragraph at lines 954--954
[]\OT1/cmtt/m/n/9 ## 10   7    70   -18.6364       347.3140  53.64       -34.99
7         267.66[] 
 []


Overfull \hbox (68.82083pt too wide) in paragraph at lines 954--954
[]\OT1/cmtt/m/n/9 ## 11   7    48   -40.6364      1651.3140  53.64       -34.99
7          31.81[] 
 []

[24 <C:/Users/carter/Weiss-Intro-Stat/worked-examples/figure/ex14-06.png>]
[25]
Package color Info: Redefining color shadecolor on input line 990.
 [26]
Package color Info: Redefining color shadecolor on input line 1057.

Overfull \hbox (12.12149pt too wide) in paragraph at lines 1091--1091
[]\OT1/cmtt/m/n/9 ## Signif. codes:  0 *** 0.001 ** 0.01 * 0.05 . 0.1 
  1[] 
 []


Overfull \hbox (2.24481pt too wide) in paragraph at lines 1112--1112
[]\OT1/cmr/bx/n/14.4 Inferential Meth-ods in Re-gres-sion and
 []

Package atveryend Info: Empty hook `BeforeClearDocument' on input line 1118.
[27] [28]
Package atveryend Info: Empty hook `AfterLastShipout' on input line 1118.
 (C:\Users\carter\Weiss-Intro-Stat\worked-examples\worked-examples.aux)
Package atveryend Info: Executing hook `AtVeryEndDocument' on input line 1118.
Package atveryend Info: Executing hook `AtEndAfterFileList' on input line 1118.

Package rerunfilecheck Info: File `worked-examples.out' has not changed.
(rerunfilecheck)             Checksum: 76BA0790D3FBEA7562074496F6D62D9F;7604.


LaTeX Font Warning: Some font shapes were not available, defaults substituted.

Package atveryend Info: Empty hook `AtVeryVeryEnd' on input line 1118.
 ) 
Here is how much of TeX's memory you used:
 5457 strings out of 494045
 82344 string characters out of 3145967
 171084 words of memory out of 3000000
 8557 multiletter control sequences out of 15000+200000
 10754 words of font info for 38 fonts, out of 3000000 for 9000
 715 hyphenation exceptions out of 8191
 31i,11n,31p,334b,375s stack positions out of 5000i,500n,10000p,200000b,50000s
<C:/Program Files (x86)/MiKTeX 2.9/fonts/type1/public/amsfonts/cm/cmbx10.pfb>
<C:/Program Files (x86)/MiKTeX 2.9/fonts/type1/public/amsfonts/cm/cmbx12.pfb><C
:/Program Files (x86)/MiKTeX 2.9/fonts/type1/public/amsfonts/cm/cmbx9.pfb><C:/P
rogram Files (x86)/MiKTeX 2.9/fonts/type1/public/amsfonts/cm/cmitt10.pfb><C:/Pr
ogram Files (x86)/MiKTeX 2.9/fonts/type1/public/amsfonts/cm/cmmi10.pfb><C:/Prog
ram Files (x86)/MiKTeX 2.9/fonts/type1/public/amsfonts/cm/cmmi12.pfb><C:/Progra
m Files (x86)/MiKTeX 2.9/fonts/type1/public/amsfonts/cm/cmmi6.pfb><C:/Program F
iles (x86)/MiKTeX 2.9/fonts/type1/public/amsfonts/cm/cmmi9.pfb><C:/Program File
s (x86)/MiKTeX 2.9/fonts/type1/public/amsfonts/cm/cmr10.pfb><C:/Program Files (
x86)/MiKTeX 2.9/fonts/type1/public/amsfonts/cm/cmr12.pfb><C:/Program Files (x86
)/MiKTeX 2.9/fonts/type1/public/amsfonts/cm/cmr17.pfb><C:/Program Files (x86)/M
iKTeX 2.9/fonts/type1/public/amsfonts/cm/cmr6.pfb><C:/Program Files (x86)/MiKTe
X 2.9/fonts/type1/public/amsfonts/cm/cmr8.pfb><C:/Program Files (x86)/MiKTeX 2.
9/fonts/type1/public/amsfonts/cm/cmr9.pfb><C:/Program Files (x86)/MiKTeX 2.9/fo
nts/type1/public/amsfonts/cm/cmss17.pfb><C:/Program Files (x86)/MiKTeX 2.9/font
s/type1/public/amsfonts/cm/cmss9.pfb><C:/Program Files (x86)/MiKTeX 2.9/fonts/t
ype1/public/amsfonts/cm/cmsy6.pfb><C:/Program Files (x86)/MiKTeX 2.9/fonts/type
1/public/amsfonts/cm/cmsy8.pfb><C:/Program Files (x86)/MiKTeX 2.9/fonts/type1/p
ublic/amsfonts/cm/cmsy9.pfb><C:/Program Files (x86)/MiKTeX 2.9/fonts/type1/publ
ic/amsfonts/cm/cmti12.pfb><C:/Program Files (x86)/MiKTeX 2.9/fonts/type1/public
/amsfonts/cm/cmti9.pfb><C:/Program Files (x86)/MiKTeX 2.9/fonts/type1/public/am
sfonts/cm/cmtt9.pfb>
Output written on worked-examples.pdf (28 pages, 397766 bytes).
PDF statistics:
 788 PDF objects out of 1000 (max. 8388607)
 139 named destinations out of 1000 (max. 500000)
 883 words of extra memory for PDF output out of 10000 (max. 10000000)

